<?xml version="1.0" encoding="UTF-8"?>
<!-- Generated by org.testng.reporters.JUnitReportReporter -->
<testsuite hostname="DESKTOP-SIB3JK6" failures="0" tests="1" name="task2.Tc_3_Test" time="3.879" errors="0" timestamp="2022-07-29T15:16:33 IST" skipped="0">
  <testcase classname="task2.Tc_3_Test" name="airtel" time="3.879"/>
  <system-out>
myntra page successfully displayed  </system-out>
</testsuite> <!-- task2.Tc_3_Test -->
