<?xml version="1.0" encoding="UTF-8"?>
<!-- Generated by org.testng.reporters.JUnitReportReporter -->
<testsuite hostname="DESKTOP-SIB3JK6" failures="0" tests="1" name="task.TC_login_Test" time="4.277" errors="0" timestamp="2022-07-29T13:01:11 IST" skipped="0">
  <testcase classname="task.TC_login_Test" name="via" time="4.277"/>
  <system-out>
via page successfully displayed  </system-out>
</testsuite> <!-- task.TC_login_Test -->
