<?xml version="1.0" encoding="UTF-8"?>
<!-- Generated by org.testng.reporters.JUnitReportReporter -->
<testsuite hostname="DESKTOP-SIB3JK6" failures="0" tests="1" name="task2.TC_2_Test" time="3.396" errors="0" timestamp="2022-07-29T15:16:55 IST" skipped="0">
  <testcase classname="task2.TC_2_Test" name="wooden" time="3.396"/>
  <system-out>
woodenstreet page successfully displayed  </system-out>
</testsuite> <!-- task2.TC_2_Test -->
