<?xml version="1.0" encoding="UTF-8"?>
<!-- Generated by org.testng.reporters.JUnitReportReporter -->
<testsuite hostname="DESKTOP-SIB3JK6" failures="0" tests="1" name="task.TC_two_Test" time="11.454" errors="0" timestamp="2022-07-29T13:11:19 IST" skipped="0">
  <testcase classname="task.TC_two_Test" name="jio" time="11.454"/>
  <system-out>
jio page successfully displayed  </system-out>
</testsuite> <!-- task.TC_two_Test -->
