<?xml version="1.0" encoding="UTF-8"?>
<!-- Generated by org.testng.reporters.JUnitReportReporter -->
<testsuite hostname="DESKTOP-SIB3JK6" failures="0" tests="1" name="task.TC_4_Test" time="9.526" errors="0" timestamp="2022-07-29T15:00:40 IST" skipped="0">
  <testcase classname="task.TC_4_Test" name="amazon" time="9.526"/>
  <system-out>
amazon page successfully displayed  </system-out>
</testsuite> <!-- task.TC_4_Test -->
